<?xml version="1.0" encoding="UTF-8" ?>
<testsuite tests="8" failures="0" name="com.mycompany.mavenjunit.MavenDavidTest" time="0.007" errors="0" skipped="0">
  <properties>
    <property name="java.runtime.name" value="OpenJDK Runtime Environment"/>
    <property name="java.vm.version" value="15+36-1562"/>
    <property name="sun.boot.library.path" value="C:\Program Files\Java\jdk-15\bin"/>
    <property name="maven.multiModuleProjectDirectory" value="C:\Users\dho19\OneDrive\Escritorio\Ciberseguridad\MavenJunitDavid\MavenJunit"/>
    <property name="java.vm.vendor" value="Oracle Corporation"/>
    <property name="java.vendor.url" value="https://java.oracle.com/"/>
    <property name="guice.disable.misplaced.annotation.check" value="true"/>
    <property name="path.separator" value=";"/>
    <property name="java.vm.name" value="OpenJDK 64-Bit Server VM"/>
    <property name="sun.os.patch.level" value=""/>
    <property name="user.script" value=""/>
    <property name="user.country" value="ES"/>
    <property name="sun.java.launcher" value="SUN_STANDARD"/>
    <property name="test" value="com.mycompany.mavenjunit.MavenDavidTest"/>
    <property name="java.vm.specification.name" value="Java Virtual Machine Specification"/>
    <property name="user.dir" value="C:\Users\dho19\OneDrive\Escritorio\Ciberseguridad\MavenJunitDavid\MavenJunit"/>
    <property name="java.vm.compressedOopsMode" value="Zero based"/>
    <property name="java.runtime.version" value="15+36-1562"/>
    <property name="os.arch" value="amd64"/>
    <property name="java.io.tmpdir" value="C:\Users\dho19\AppData\Local\Temp\"/>
    <property name="line.separator" value="
"/>
    <property name="java.vm.specification.vendor" value="Oracle Corporation"/>
    <property name="user.variant" value=""/>
    <property name="os.name" value="Windows 10"/>
    <property name="maven.ext.class.path" value="C:\Program Files\NetBeans-12.0\netbeans\java\maven-nblib\netbeans-eventspy.jar"/>
    <property name="classworlds.conf" value="C:\Program Files\NetBeans-12.0\netbeans\java\maven\bin\..\bin\m2.conf"/>
    <property name="sun.jnu.encoding" value="Cp1252"/>
    <property name="java.library.path" value="C:\Program Files\Java\jdk-15\bin;C:\WINDOWS\Sun\Java\bin;C:\WINDOWS\system32;C:\WINDOWS;C:\Program Files\Common Files\Oracle\Java\javapath;D:\oracle\app\oracle\product\11.2.0\server\bin;;C:\WINDOWS\system32;C:\WINDOWS;C:\WINDOWS\System32\Wbem;C:\WINDOWS\System32\WindowsPowerShell\v1.0\;C:\WINDOWS\System32\OpenSSH\;C:\xampp\php;C:\ProgramData\ComposerSetup\bin;C:\Program Files\nodejs\;C:\Program Files\Java\jdk-15\bin;C:\Users\dho19\AppData\Local\Microsoft\WindowsApps;C:\Users\dho19\AppData\Local\Programs\Microsoft VS Code\bin;C:\Users\dho19\AppData\Roaming\Composer\vendor\bin;C:\Users\dho19\AppData\Roaming\npm;C:\Program Files\JetBrains\IntelliJ IDEA 2020.2.2\bin;;C:\Program Files\MariaDB 10.5\bin;;."/>
    <property name="maven.conf" value="C:\Program Files\NetBeans-12.0\netbeans\java\maven\bin\../conf"/>
    <property name="jdk.debug" value="release"/>
    <property name="java.class.version" value="59.0"/>
    <property name="java.specification.name" value="Java Platform API Specification"/>
    <property name="sun.management.compiler" value="HotSpot 64-Bit Tiered Compilers"/>
    <property name="jpda.listen" value="true"/>
    <property name="os.version" value="10.0"/>
    <property name="library.jansi.path" value="C:\Program Files\NetBeans-12.0\netbeans\java\maven\bin\..\lib\jansi-native"/>
    <property name="jpda.address" value="51883"/>
    <property name="user.home" value="C:\Users\dho19"/>
    <property name="user.timezone" value="Atlantic/Canary"/>
    <property name="file.encoding" value="UTF-8"/>
    <property name="java.specification.version" value="15"/>
    <property name="user.name" value="dho19"/>
    <property name="java.class.path" value="C:\Program Files\NetBeans-12.0\netbeans\java\maven\bin\..\boot\plexus-classworlds-2.6.0.jar"/>
    <property name="maven.surefire.debug" value="-agentlib:jdwp=transport=dt_socket,server=n,address=51883"/>
    <property name="java.vm.specification.version" value="15"/>
    <property name="sun.arch.data.model" value="64"/>
    <property name="sun.java.command" value="org.codehaus.plexus.classworlds.launcher.Launcher -Dtest=com.mycompany.mavenjunit.MavenDavidTest -DforkMode=once -Dmaven.surefire.debug=-agentlib:jdwp=transport=dt_socket,server=n,address=51883 -Djpda.listen=true -Djpda.address=51883 -Dmaven.ext.class.path=C:\Program Files\NetBeans-12.0\netbeans\java\maven-nblib\netbeans-eventspy.jar -Dfile.encoding=UTF-8 test-compile surefire:test"/>
    <property name="java.home" value="C:\Program Files\Java\jdk-15"/>
    <property name="user.language" value="es"/>
    <property name="java.specification.vendor" value="Oracle Corporation"/>
    <property name="java.vm.info" value="mixed mode, sharing"/>
    <property name="java.version" value="15"/>
    <property name="java.vendor" value="Oracle Corporation"/>
    <property name="maven.home" value="C:\Program Files\NetBeans-12.0\netbeans\java\maven\bin\.."/>
    <property name="file.separator" value="\"/>
    <property name="java.version.date" value="2020-09-15"/>
    <property name="java.vendor.url.bug" value="https://bugreport.java.com/bugreport/"/>
    <property name="forkMode" value="once"/>
    <property name="sun.io.unicode.encoding" value="UnicodeLittle"/>
    <property name="sun.cpu.endian" value="little"/>
    <property name="sun.cpu.isalist" value="amd64"/>
  </properties>
  <testcase classname="com.mycompany.mavenjunit.MavenDavidTest" name="com.mycompany.mavenjunit.MavenDavidTest.testDia_laboraldefault" time="0.006"/>
  <testcase classname="com.mycompany.mavenjunit.MavenDavidTest" name="com.mycompany.mavenjunit.MavenDavidTest.testDia_laboral5" time="0.001"/>
  <testcase classname="com.mycompany.mavenjunit.MavenDavidTest" name="com.mycompany.mavenjunit.MavenDavidTest.testDia_laboral" time="0"/>
  <testcase classname="com.mycompany.mavenjunit.MavenDavidTest" name="com.mycompany.mavenjunit.MavenDavidTest.testDia_laboral2" time="0"/>
  <testcase classname="com.mycompany.mavenjunit.MavenDavidTest" name="com.mycompany.mavenjunit.MavenDavidTest.testDia_laboral7" time="0"/>
  <testcase classname="com.mycompany.mavenjunit.MavenDavidTest" name="com.mycompany.mavenjunit.MavenDavidTest.testDia_laboral4" time="0"/>
  <testcase classname="com.mycompany.mavenjunit.MavenDavidTest" name="com.mycompany.mavenjunit.MavenDavidTest.testDia_laboral3" time="0"/>
  <testcase classname="com.mycompany.mavenjunit.MavenDavidTest" name="com.mycompany.mavenjunit.MavenDavidTest.testDia_laboral6" time="0"/>
</testsuite>